<?xml version="1.0" encoding="UTF-8"?>
<!-- Generated by org.testng.reporters.JUnitReportReporter -->
<testsuite hostname="DESKTOP-6VUCLIF" failures="0" tests="4" name="Data_Driven" time="0.007" errors="0" timestamp="2023-03-24T17:11:39 EDT" skipped="0">
  <testcase classname="Data_Driven" name="login_Data" time="0.005"/>
  <system-out/>
  <testcase classname="Data_Driven" name="login_Data" time="0.000"/>
  <system-out/>
  <testcase classname="Data_Driven" name="login_Data" time="0.001"/>
  <system-out/>
  <testcase classname="Data_Driven" name="login_Data" time="0.001"/>
  <system-out/>
</testsuite> <!-- Data_Driven -->
