<?xml version="1.0" encoding="UTF-8"?>
<!-- Generated by org.testng.reporters.JUnitReportReporter -->
<testsuite hostname="DESKTOP-6VUCLIF" failures="0" tests="4" name="Data_Driven_Test" time="15.252" errors="0" timestamp="2023-03-24T21:24:37 EDT" skipped="0">
  <testcase classname="Data_Driven_Test" name="login_Test" time="2.886"/>
  <system-out/>
  <testcase classname="Data_Driven_Test" name="login_Test" time="5.687"/>
  <system-out/>
  <testcase classname="Data_Driven_Test" name="login_Test" time="3.473"/>
  <system-out/>
  <testcase classname="Data_Driven_Test" name="login_Test" time="3.206"/>
  <system-out/>
</testsuite> <!-- Data_Driven_Test -->
