<?xml version="1.0" encoding="UTF-8"?>
<!-- Generated by org.testng.reporters.JUnitReportReporter -->
<testsuite hostname="DESKTOP-6VUCLIF" failures="0" tests="4" name="Xl_Test" time="16.669" errors="0" timestamp="2023-03-24T21:34:19 EDT" skipped="0">
  <testcase classname="Xl_Test" name="login_Test" time="3.486"/>
  <system-out/>
  <testcase classname="Xl_Test" name="login_Test" time="4.062"/>
  <system-out/>
  <testcase classname="Xl_Test" name="login_Test" time="3.549"/>
  <system-out/>
  <testcase classname="Xl_Test" name="login_Test" time="5.572"/>
  <system-out/>
</testsuite> <!-- Xl_Test -->
