<?xml version="1.0" encoding="UTF-8"?>
<!-- Generated by org.testng.reporters.JUnitReportReporter -->
<testsuite hostname="DESKTOP-6VUCLIF" failures="0" tests="1" name="Date_Format" time="0.715" errors="0" timestamp="2023-03-25T14:02:54 EDT" skipped="0">
  <testcase classname="Date_Format" name="Date_for" time="0.715"/>
  <system-out/>
</testsuite> <!-- Date_Format -->
